545 255 Soviet.Union 2 Siberia 100 #ED1C24
335 800 Soviet.Union 4 Kazakhstan 100 #ED1C24
1127 320 Soviet.Union 4 Baikal 100 #ED1C24
1730 300 Soviet.Union 4 Kamceatka 100 #ED1C24
1741 747 Soviet.Union 10 Vladivostok 100 #ED1C24
1060 730 Mongolia 4 Mongolia 80 #D1DBDD
145 1045 Iran 3 Persia 85 #D1DBDD
390 1065 Afghanistan 5 Afghanistan 80 #D1DBDD
765 900 China 5 Western.China 90 #FFF200
1080 1030 China 4 Central.China 90 #FFF200
1373 1083 China 3 Zhengzhou 90 #FFF200
1420 890 China 15 Shenyang 90 #FFF200
1470 1000 China 15 Beijing 90 #FFF200
1590 1170 China 8 Shanghai 90 #FFF200
1530 750 Japan 14 Manchuria 105 #A349A4
1648 910 Japan 10 Korea 105 #A349A4
1960 940 Japan 12 Sendai&Sapporo 105 #A349A4
1960 1020 Japan 14 Tokyo 105 #A349A4
1865 1060 Japan 10 Southern.Japan 105 #A349A4
860 1140 Tibet 1 Tibet 60 #D1DBDD
